0 info it worked if it ends with ok
1 verbose cli [ '/usr/local/Cellar/node/5.11.0/bin/node',
1 verbose cli   '/usr/local/bin/npm',
1 verbose cli   'run',
1 verbose cli   'poststart',
1 verbose cli   'NODE_ENV=production' ]
2 info using npm@3.10.3
3 info using node@v6.3.1
4 verbose run-script [ 'poststart' ]
5 info lifecycle gygnite_server@1.0.0~poststart: gygnite_server@1.0.0
6 verbose lifecycle gygnite_server@1.0.0~poststart: unsafe-perm in lifecycle true
7 verbose lifecycle gygnite_server@1.0.0~poststart: PATH: /usr/local/lib/node_modules/npm/bin/node-gyp-bin:/Users/Hottman/Development/galvanize/q4/FINAL/gygnite/server/node_modules/.bin:/usr/local/Cellar/node/5.11.0/bin:/Users/Hottman/.composer/vendor/bin:/usr/local/gradle/bin:/usr/local/sbin:~/.composer/vendor/bin:/Users/Hottman/.gem/ruby/2.0.0/bin:/usr/bin/compass:/usr/bin/ruby:/usr/local/bin:/usr/local/bin:/usr/bin:/bin:/usr/sbin:/sbin:/Users/Hottman/.rvm/bin:/Users/Hottman/Development/phalcon-tools
8 verbose lifecycle gygnite_server@1.0.0~poststart: CWD: /Users/Hottman/Development/galvanize/q4/FINAL/gygnite/server
9 silly lifecycle gygnite_server@1.0.0~poststart: Args: [ '-c',
9 silly lifecycle   'NODE_ENV=production npm run rollback && npm run migrate "NODE_ENV=production"' ]
10 silly lifecycle gygnite_server@1.0.0~poststart: Returned: code: 1  signal: null
11 info lifecycle gygnite_server@1.0.0~poststart: Failed to exec poststart script
12 verbose stack Error: gygnite_server@1.0.0 poststart: `NODE_ENV=production npm run rollback && npm run migrate "NODE_ENV=production"`
12 verbose stack Exit status 1
12 verbose stack     at EventEmitter.<anonymous> (/usr/local/lib/node_modules/npm/lib/utils/lifecycle.js:242:16)
12 verbose stack     at emitTwo (events.js:106:13)
12 verbose stack     at EventEmitter.emit (events.js:191:7)
12 verbose stack     at ChildProcess.<anonymous> (/usr/local/lib/node_modules/npm/lib/utils/spawn.js:40:14)
12 verbose stack     at emitTwo (events.js:106:13)
12 verbose stack     at ChildProcess.emit (events.js:191:7)
12 verbose stack     at maybeClose (internal/child_process.js:852:16)
12 verbose stack     at Process.ChildProcess._handle.onexit (internal/child_process.js:215:5)
13 verbose pkgid gygnite_server@1.0.0
14 verbose cwd /Users/Hottman/Development/galvanize/q4/FINAL/gygnite/server
15 error Darwin 15.6.0
16 error argv "/usr/local/Cellar/node/5.11.0/bin/node" "/usr/local/bin/npm" "run" "poststart" "NODE_ENV=production"
17 error node v6.3.1
18 error npm  v3.10.3
19 error code ELIFECYCLE
20 error gygnite_server@1.0.0 poststart: `NODE_ENV=production npm run rollback && npm run migrate "NODE_ENV=production"`
20 error Exit status 1
21 error Failed at the gygnite_server@1.0.0 poststart script 'NODE_ENV=production npm run rollback && npm run migrate "NODE_ENV=production"'.
21 error Make sure you have the latest version of node.js and npm installed.
21 error If you do, this is most likely a problem with the gygnite_server package,
21 error not with npm itself.
21 error Tell the author that this fails on your system:
21 error     NODE_ENV=production npm run rollback && npm run migrate "NODE_ENV=production"
21 error You can get information on how to open an issue for this project with:
21 error     npm bugs gygnite_server
21 error Or if that isn't available, you can get their info via:
21 error     npm owner ls gygnite_server
21 error There is likely additional logging output above.
22 verbose exit [ 1, true ]
